[debug] [2023-06-04T05:30:14.585Z] ----------------------------------------------------------------------
[debug] [2023-06-04T05:30:14.587Z] Command:       /usr/local/bin/firebase /Users/k21047kk/.cache/firebase/tools/lib/node_modules/firebase-tools/lib/bin/firebase emulators:start --only functions
[debug] [2023-06-04T05:30:14.588Z] CLI Version:   12.3.0
[debug] [2023-06-04T05:30:14.588Z] Platform:      darwin
[debug] [2023-06-04T05:30:14.588Z] Node Version:  v16.16.0
[debug] [2023-06-04T05:30:14.590Z] Time:          Sun Jun 04 2023 14:30:14 GMT+0900 (Japan Standard Time)
[debug] [2023-06-04T05:30:14.590Z] ----------------------------------------------------------------------
[debug] 
[debug] [2023-06-04T05:30:14.715Z] > command requires scopes: ["email","openid","https://www.googleapis.com/auth/cloudplatformprojects.readonly","https://www.googleapis.com/auth/firebase","https://www.googleapis.com/auth/cloud-platform"]
[debug] [2023-06-04T05:30:14.716Z] > authorizing via signed-in user (nerd.dev.app@gmail.com)
[info] i  emulators: Starting emulators: functions {"metadata":{"emulator":{"name":"hub"},"message":"Starting emulators: functions"}}
[debug] [2023-06-04T05:30:15.315Z] [logging] Logging Emulator only supports listening on one address (127.0.0.1). Not listening on ::1
[debug] [2023-06-04T05:30:15.317Z] assigned listening specs for emulators {"user":{"hub":[{"address":"127.0.0.1","family":"IPv4","port":4400},{"address":"::1","family":"IPv6","port":4400}],"ui":[{"address":"127.0.0.1","family":"IPv4","port":4000},{"address":"::1","family":"IPv6","port":4000}],"logging":[{"address":"127.0.0.1","family":"IPv4","port":4500}]},"metadata":{"message":"assigned listening specs for emulators"}}
[debug] [2023-06-04T05:30:15.343Z] [hub] writing locator at /var/folders/n9/jrcn1sv946d5p2r4fgq_s2mh0000gn/T/hub-nerd-381210.json
[debug] [2023-06-04T05:30:15.385Z] >>> [apiv2][query] GET https://firebase.googleapis.com/v1beta1/projects/nerd-381210 [none]
[debug] [2023-06-04T05:30:15.737Z] <<< [apiv2][status] GET https://firebase.googleapis.com/v1beta1/projects/nerd-381210 200
[debug] [2023-06-04T05:30:15.740Z] <<< [apiv2][body] GET https://firebase.googleapis.com/v1beta1/projects/nerd-381210 {"projectId":"nerd-381210","projectNumber":"381615274904","displayName":"nerd-dev","name":"projects/nerd-381210","resources":{"hostingSite":"nerd-381210"},"state":"ACTIVE","etag":"1_ee45c13c-3136-4170-9c2e-a84ce89c7cb4"}
[debug] [2023-06-04T05:30:16.153Z] [functions] Functions Emulator only supports listening on one address (127.0.0.1). Not listening on ::1
[debug] [2023-06-04T05:30:16.153Z] [eventarc] Eventarc Emulator only supports listening on one address (127.0.0.1). Not listening on ::1
[debug] [2023-06-04T05:30:16.153Z] late-assigned ports for functions and eventarc emulators {"user":{"hub":[{"address":"127.0.0.1","family":"IPv4","port":4400},{"address":"::1","family":"IPv6","port":4400}],"ui":[{"address":"127.0.0.1","family":"IPv4","port":4000},{"address":"::1","family":"IPv6","port":4000}],"logging":[{"address":"127.0.0.1","family":"IPv4","port":4500}],"functions":[{"address":"127.0.0.1","family":"IPv4","port":5001}],"eventarc":[{"address":"127.0.0.1","family":"IPv4","port":9299}]},"metadata":{"message":"late-assigned ports for functions and eventarc emulators"}}
[warn] ⚠  functions: The following emulators are not running, calls to these services from the Functions emulator will affect production: auth, firestore, database, hosting, pubsub, storage {"metadata":{"emulator":{"name":"functions"},"message":"The following emulators are not running, calls to these services from the Functions emulator will affect production: \u001b[1mauth, firestore, database, hosting, pubsub, storage\u001b[22m"}}
[debug] [2023-06-04T05:30:16.162Z] defaultcredentials: writing to file /Users/k21047kk/.config/firebase/nerd_dev.app_gmail.com_application_default_credentials.json
[debug] [2023-06-04T05:30:16.181Z] Setting GAC to /Users/k21047kk/.config/firebase/nerd_dev.app_gmail.com_application_default_credentials.json {"metadata":{"emulator":{"name":"functions"},"message":"Setting GAC to /Users/k21047kk/.config/firebase/nerd_dev.app_gmail.com_application_default_credentials.json"}}
[debug] [2023-06-04T05:30:16.182Z] >>> [apiv2][query] GET https://firebase.googleapis.com/v1beta1/projects/nerd-381210/adminSdkConfig [none]
[debug] [2023-06-04T05:30:16.529Z] <<< [apiv2][status] GET https://firebase.googleapis.com/v1beta1/projects/nerd-381210/adminSdkConfig 200
[debug] [2023-06-04T05:30:16.530Z] <<< [apiv2][body] GET https://firebase.googleapis.com/v1beta1/projects/nerd-381210/adminSdkConfig {"projectId":"nerd-381210","storageBucket":"nerd-381210.appspot.com"}
[debug] [2023-06-04T05:30:16.592Z] Ignoring unsupported arg: auto_download {"metadata":{"emulator":{"name":"ui"},"message":"Ignoring unsupported arg: auto_download"}}
[debug] [2023-06-04T05:30:16.592Z] Ignoring unsupported arg: port {"metadata":{"emulator":{"name":"ui"},"message":"Ignoring unsupported arg: port"}}
[debug] [2023-06-04T05:30:16.593Z] Starting Emulator UI with command {"binary":"node","args":["/Users/k21047kk/.cache/firebase/emulators/ui-v1.11.6/server/server.js"],"optionalArgs":[],"joinArgs":false} {"metadata":{"emulator":{"name":"ui"},"message":"Starting Emulator UI with command {\"binary\":\"node\",\"args\":[\"/Users/k21047kk/.cache/firebase/emulators/ui-v1.11.6/server/server.js\"],\"optionalArgs\":[],\"joinArgs\":false}"}}
[info] i  ui: Emulator UI logging to ui-debug.log {"metadata":{"emulator":{"name":"ui"},"message":"Emulator UI logging to \u001b[1mui-debug.log\u001b[22m"}}
[debug] [2023-06-04T05:30:16.762Z] Web / API server started at 127.0.0.1:4000
 {"metadata":{"emulator":{"name":"ui"},"message":"Web / API server started at 127.0.0.1:4000\n"}}
[debug] [2023-06-04T05:30:16.763Z] Web / API server started at ::1:4000
 {"metadata":{"emulator":{"name":"ui"},"message":"Web / API server started at ::1:4000\n"}}
[info] i  functions: Watching "/Users/k21047kk/Dropbox/Programming/nerd/functions" for Cloud Functions... {"metadata":{"emulator":{"name":"functions"},"message":"Watching \"/Users/k21047kk/Dropbox/Programming/nerd/functions\" for Cloud Functions..."}}
[debug] [2023-06-04T05:30:16.881Z] Validating nodejs source
[debug] [2023-06-04T05:30:17.819Z] > [functions] package.json contents: {
  "name": "functions",
  "scripts": {
    "lint": "eslint --ext .js,.ts .",
    "build": "tsc",
    "build:watch": "tsc --watch",
    "serve": "yarn run build && firebase emulators:start --only functions",
    "shell": "yarn run build && firebase functions:shell",
    "start": "yarn run shell",
    "deploy": "firebase deploy --only functions",
    "logs": "firebase functions:log"
  },
  "engines": {
    "node": "18"
  },
  "main": "lib/index.js",
  "dependencies": {
    "express": "^4.18.2",
    "firebase": "^9.22.1",
    "firebase-admin": "^11.8.0",
    "firebase-functions": "^4.3.1",
    "graphql": "^16.6.0",
    "graphql-request": "^6.1.0",
    "nookies": "^2.5.2",
    "zod": "^3.21.4"
  },
  "devDependencies": {
    "@types/cookie-parser": "^1.4.3",
    "@types/express": "^4.17.17",
    "@typescript-eslint/eslint-plugin": "^5.12.0",
    "@typescript-eslint/parser": "^5.12.0",
    "eslint": "^8.9.0",
    "eslint-config-google": "^0.14.0",
    "eslint-plugin-import": "^2.25.4",
    "firebase-functions-test": "^3.1.0",
    "typescript": "^4.9.0"
  },
  "private": true
}
[debug] [2023-06-04T05:30:17.821Z] Building nodejs source
[debug] [2023-06-04T05:30:17.821Z] Failed to find version of module node: reached end of search path /Users/k21047kk/Dropbox/Programming/nerd/functions/node_modules
[warn] ⚠  functions: You've requested "node" version "18", but the standalone Firebase CLI comes with bundled Node "16". 
[info] ✔  functions: To use a different Node.js version, consider removing the standalone Firebase CLI and switching to "firebase-tools" on npm. 
[info] i  functions: Loaded environment variables from .env. 
[debug] [2023-06-04T05:30:17.828Z] Could not find functions.yaml. Must use http discovery
[debug] [2023-06-04T05:30:17.840Z] Found firebase-functions binary at '/Users/k21047kk/Dropbox/Programming/nerd/functions/node_modules/.bin/firebase-functions'
[debug] [2023-06-04T05:30:18.359Z] Serving at port 8683

[debug] [2023-06-04T05:30:18.697Z] Got response from /__/functions.yaml {"endpoints":{"api":{"platform":"gcfv1","availableMemoryMb":null,"timeoutSeconds":null,"minInstances":null,"maxInstances":null,"ingressSettings":null,"serviceAccountEmail":null,"vpc":null,"region":["us-central1"],"secretEnvironmentVariables":[{"key":"ADMIN_SECRET"}],"httpsTrigger":{},"entryPoint":"api"},"deleteUser":{"platform":"gcfv1","availableMemoryMb":null,"timeoutSeconds":null,"minInstances":null,"maxInstances":null,"ingressSettings":null,"serviceAccountEmail":null,"vpc":null,"region":["us-central1"],"secretEnvironmentVariables":[{"key":"ADMIN_SECRET"}],"eventTrigger":{"eventType":"providers/firebase.auth/eventTypes/user.delete","eventFilters":{"resource":"projects/nerd-381210"},"retry":false},"labels":{},"entryPoint":"deleteUser"}},"specVersion":"v1alpha1","requiredAPIs":[]}
[debug] [2023-06-04T05:30:18.717Z] shutdown requested via /__/quitquitquit

[info] ✔  functions: Loaded functions definitions from source: api, deleteUser. {"metadata":{"emulator":{"name":"functions"},"message":"Loaded functions definitions from source: api, deleteUser."}}
[info] ✔  functions[us-central1-api]: http function initialized (http://127.0.0.1:5001/nerd-381210/us-central1/api). {"metadata":{"emulator":{"name":"functions"},"message":"\u001b[1mhttp\u001b[22m function initialized (http://127.0.0.1:5001/nerd-381210/us-central1/api)."}}
[debug] [2023-06-04T05:30:18.740Z] addAuthTrigger {"eventTrigger":{"eventType":"providers/firebase.auth/eventTypes/user.delete","resource":"projects/nerd-381210"}}
[info] ✔  functions[us-central1-deleteUser]: auth function initialized. {"metadata":{"emulator":{"name":"functions"},"message":"\u001b[1mauth\u001b[22m function initialized."}}
[info] 
┌─────────────────────────────────────────────────────────────┐
│ ✔  All emulators ready! It is now safe to connect your app. │
│ i  View Emulator UI at http://127.0.0.1:4000/               │
└─────────────────────────────────────────────────────────────┘

┌───────────┬────────────────┬─────────────────────────────────┐
│ Emulator  │ Host:Port      │ View in Emulator UI             │
├───────────┼────────────────┼─────────────────────────────────┤
│ Functions │ 127.0.0.1:5001 │ http://127.0.0.1:4000/functions │
└───────────┴────────────────┴─────────────────────────────────┘
  Emulator Hub running at 127.0.0.1:4400
  Other reserved ports: 4500

Issues? Report them at https://github.com/firebase/firebase-tools/issues and attach the *-debug.log files.
 
